{
  "RSpec": {
    "coverage": {
      "C:/Users/Himanshu Gupta/Projects/IdeaBoardNewApp/app/models/user.rb": [
        1,
        null,
        null,
        null,
        1,
        null,
        null,
        null,
        1,
        null,
        1,
        null
      ],
      "C:/Users/Himanshu Gupta/Projects/IdeaBoardNewApp/app/controllers/application_controller.rb": [
        1,
        1,
        null
      ],
      "C:/Users/Himanshu Gupta/Projects/IdeaBoardNewApp/app/helpers/application_helper.rb": [
        1,
        null
      ],
      "C:/Users/Himanshu Gupta/Projects/IdeaBoardNewApp/app/helpers/agendas_helper.rb": [
        1,
        null
      ],
      "C:/Users/Himanshu Gupta/Projects/IdeaBoardNewApp/app/helpers/ideas_helper.rb": [
        1,
        null
      ],
      "C:/Users/Himanshu Gupta/Projects/IdeaBoardNewApp/app/helpers/users_helper.rb": [
        1,
        null
      ],
      "C:/Users/Himanshu Gupta/Projects/IdeaBoardNewApp/app/controllers/agendas_controller.rb": [
        1,
        null,
        null,
        1,
        null,
        null,
        null,
        1,
        0,
        0,
        0,
        0,
        0,
        0,
        null,
        null,
        null,
        null,
        null,
        1,
        0,
        0,
        0,
        0,
        0,
        0,
        null,
        null,
        null,
        0,
        null,
        null,
        null,
        null,
        null,
        1,
        0,
        0,
        0,
        0,
        null,
        null,
        null,
        null,
        1,
        0,
        null,
        null,
        null,
        null,
        1,
        0,
        0,
        0,
        0,
        0,
        null,
        0,
        0,
        0,
        null,
        0,
        null,
        null,
        null,
        null,
        null,
        null,
        1,
        0,
        0,
        0,
        0,
        0,
        null,
        0,
        0,
        0,
        null,
        0,
        null,
        null,
        null,
        null,
        null,
        null,
        1,
        0,
        0,
        0,
        0,
        0,
        0,
        null,
        0,
        null,
        null,
        null,
        null
      ],
      "C:/Users/Himanshu Gupta/Projects/IdeaBoardNewApp/app/models/agenda.rb": [
        1,
        1,
        1,
        1,
        null,
        null,
        1,
        0,
        0,
        0,
        0,
        null,
        null,
        null,
        null,
        1,
        0,
        0,
        0,
        0,
        0,
        0,
        null,
        null,
        null,
        null,
        null
      ],
      "C:/Users/Himanshu Gupta/Projects/IdeaBoardNewApp/app/controllers/ideas_controller.rb": [
        1,
        null,
        null,
        1,
        1,
        null,
        1,
        0,
        0,
        0,
        0,
        null,
        null,
        null,
        null,
        null,
        1,
        0,
        0,
        0,
        0,
        null,
        null,
        null,
        null,
        null,
        1,
        0,
        0,
        0,
        0,
        0,
        null,
        0,
        0,
        0,
        null,
        0,
        null,
        null,
        null,
        null,
        null,
        null,
        1,
        0,
        0,
        0,
        0,
        0,
        0,
        0,
        0,
        0,
        0,
        null,
        0,
        null,
        0,
        0,
        null,
        0,
        0,
        null,
        null,
        null,
        null,
        null,
        1,
        0,
        0,
        0,
        0,
        0,
        null,
        null,
        null,
        1,
        0,
        null,
        null,
        null
      ],
      "C:/Users/Himanshu Gupta/Projects/IdeaBoardNewApp/app/models/idea.rb": [
        1,
        1,
        1,
        1,
        null,
        null
      ],
      "C:/Users/Himanshu Gupta/Projects/IdeaBoardNewApp/app/controllers/users_controller.rb": [
        1,
        null,
        1,
        0,
        0,
        0,
        0,
        null,
        null,
        null,
        1,
        0,
        null,
        null,
        1,
        0,
        0,
        0,
        0,
        null,
        null,
        null,
        1,
        0,
        0,
        0,
        0,
        0,
        0,
        null,
        null,
        null,
        1,
        0,
        0,
        0,
        0,
        0,
        null,
        0,
        0,
        0,
        null,
        0,
        null,
        null,
        null,
        null,
        1,
        0,
        0,
        0,
        0,
        0,
        null,
        0,
        0,
        0,
        null,
        0,
        null,
        null,
        null,
        null,
        1,
        0,
        0,
        0,
        0,
        0,
        0,
        null,
        0,
        null,
        null,
        null,
        null
      ],
      "C:/Users/Himanshu Gupta/Projects/IdeaBoardNewApp/app/models/like.rb": [
        1,
        1,
        1,
        1,
        null,
        null
      ]
    },
    "timestamp": 1367413925
  }
}
